\BOOKMARK [1][]{section.1}{1 Variables}{}% 1
\BOOKMARK [1][]{section.2}{2 \040root }{}% 2
\BOOKMARK [1][]{section.3}{3 \040physical }{}% 3
\BOOKMARK [1][]{section.4}{4 \040control }{}% 4
\BOOKMARK [1][]{section.5}{5 \040macroscopic }{}% 5
\BOOKMARK [1][]{section.6}{6 \040materialDB }{}% 6
\BOOKMARK [1][]{section.7}{7 \040mixing }{}% 7
\BOOKMARK [1][]{section.8}{8 \040fluid }{}% 8
\BOOKMARK [1][]{section.9}{9 \040solid }{}% 9
\BOOKMARK [1][]{section.10}{10 \040liquid }{}% 10
\BOOKMARK [1][]{section.11}{11 \040gas }{}% 11
\BOOKMARK [1][]{section.12}{12 \040control\205gas }{}% 12
\BOOKMARK [1][]{section.13}{13 \040gas\205control }{}% 13
\BOOKMARK [1][]{section.14}{14 \040control\205liquid }{}% 14
\BOOKMARK [1][]{section.15}{15 \040liquid\205control }{}% 15
\BOOKMARK [1][]{section.16}{16 \040control\205materialDB }{}% 16
\BOOKMARK [1][]{section.17}{17 \040materialDB\205control }{}% 17
\BOOKMARK [1][]{section.18}{18 \040control\205mixing }{}% 18
\BOOKMARK [1][]{section.19}{19 \040mixing\205control }{}% 19
\BOOKMARK [1][]{section.20}{20 \040control\205solid }{}% 20
\BOOKMARK [1][]{section.21}{21 \040solid\205control }{}% 21
\BOOKMARK [1][]{section.22}{22 \040gas\205materialDB }{}% 22
\BOOKMARK [1][]{section.23}{23 \040materialDB\205gas }{}% 23
\BOOKMARK [1][]{section.24}{24 \040gas\205mixing }{}% 24
\BOOKMARK [1][]{section.25}{25 \040mixing\205gas }{}% 25
\BOOKMARK [1][]{section.26}{26 \040liquid\205materialDB }{}% 26
\BOOKMARK [1][]{section.27}{27 \040materialDB\205liquid }{}% 27
\BOOKMARK [1][]{section.28}{28 \040liquid\205mixing }{}% 28
\BOOKMARK [1][]{section.29}{29 \040mixing\205liquid }{}% 29
\BOOKMARK [1][]{section.30}{30 \040materialDB\205mixing }{}% 30
\BOOKMARK [1][]{section.31}{31 \040mixing\205materialDB }{}% 31
\BOOKMARK [1][]{section.32}{32 \040materialDB\205solid }{}% 32
\BOOKMARK [1][]{section.33}{33 \040solid\205materialDB }{}% 33
\BOOKMARK [1][]{section.34}{34 \040mixing\205solid }{}% 34
\BOOKMARK [1][]{section.35}{35 \040solid\205mixing }{}% 35
\BOOKMARK [1][]{section.36}{36 \040gas\205liquid }{}% 36
\BOOKMARK [1][]{section.37}{37 \040gas\205solid }{}% 37
\BOOKMARK [1][]{section.38}{38 \040liquid\205solid }{}% 38
\BOOKMARK [1][]{section.39}{39 Equations}{}% 39
\BOOKMARK [2][]{subsection.39.1}{39.1 Model equations}{section.39}% 40
\BOOKMARK [2][]{subsection.39.2}{39.2 Instantiations}{section.39}% 41
